ERROR - Job 'background job wmy' (PID 81258) exceeded time limit: 886s (>10 minutes)
ERROR - Job 'scheduled task 515' (PID 45135) exceeded time limit: 743s (>10 minutes)
ERROR - Job 'scheduled task 051' (PID 39547) exceeded time limit: 689s (>10 minutes)
ERROR - Job 'scheduled task 182' (PID 70808) exceeded time limit: 2023s (>10 minutes)
ERROR - Job 'scheduled task 460' (PID 39860) exceeded time limit: 1192s (>10 minutes)
ERROR - Job 'scheduled task 064' (PID 85742) exceeded time limit: 737s (>10 minutes)
ERROR - Job 'scheduled task 004' (PID 22003) exceeded time limit: 673s (>10 minutes)
ERROR - Job 'background job tqc' (PID 52532) exceeded time limit: 833s (>10 minutes)
ERROR - Job 'scheduled task 374' (PID 23703) exceeded time limit: 806s (>10 minutes)
ERROR - Job 'scheduled task 936' (PID 62401) exceeded time limit: 624s (>10 minutes)
WARNING - Job 'scheduled task 268' (PID 87228) took longer than expected: 568s (>5 minutes)
WARNING - Job 'scheduled task 074' (PID 71766) took longer than expected: 347s (>5 minutes)
WARNING - Job 'scheduled task 811' (PID 50295) took longer than expected: 395s (>5 minutes)
WARNING - Job 'scheduled task 294' (PID 27222) took longer than expected: 368s (>5 minutes)
WARNING - Job 'scheduled task 794' (PID 87570) took longer than expected: 473s (>5 minutes)
WARNING - Job 'background job sqm' (PID 99672) took longer than expected: 313s (>5 minutes)
WARNING - Job 'background job xfg' (PID 86716) took longer than expected: 334s (>5 minutes)
WARNING - Job 'scheduled task 746' (PID 98746) took longer than expected: 437s (>5 minutes)
WARNING - Job 'scheduled task 672' (PID 24482) took longer than expected: 516s (>5 minutes)
WARNING - Job 'scheduled task 333' (PID 72029) is incomplete (missing start or end time).
WARNING - Job 'scheduled task 016' (PID 72897) is incomplete (missing start or end time).
